build/app/intermediates/manifest_merge_blame_file/debug/manifest-merger-blame-debug-report.txt
1<?xml version="1.0" encoding="utf-8"?>
2<manifest xmlns:android="http://schemas.android.com/apk/res/android"
3    package="com.emindmirror"
4    android:versionCode="1"
5    android:versionName="1.0.0" >
6
7    <uses-sdk
8        android:minSdkVersion="21"
9        android:targetSdkVersion="33" />
10    <!--
11         Flutter needs it to communicate with the running application
12         to allow setting breakpoints, to provide hot reload, etc.
13    -->
14    <uses-permission android:name="android.permission.INTERNET" />
14-->src\main\AndroidManifest.xml:4:5-66
14-->src\main\AndroidManifest.xml:4:22-64
15    <uses-permission android:name="android.permission.RECORD_AUDIO" />
15-->src\main\AndroidManifest.xml:5:5-71
15-->src\main\AndroidManifest.xml:5:22-68
16    <uses-permission android:name="android.permission.READ_CALENDAR" />
16-->src\main\AndroidManifest.xml:7:5-72
16-->src\main\AndroidManifest.xml:7:22-69
17    <uses-permission android:name="android.permission.WRITE_CALENDAR" />
17-->src\main\AndroidManifest.xml:8:5-73
17-->src\main\AndroidManifest.xml:8:22-70
18    <uses-permission android:name="android.permission.ACCESS_NETWORK_STATE" />
18-->[com.google.firebase:firebase-auth:22.3.0] AndroidManifest.xml:26:5-79
18-->[com.google.firebase:firebase-auth:22.3.0] AndroidManifest.xml:26:22-76
19
20    <queries>
20-->[androidx.media2:media2-session:1.2.1] AndroidManifest.xml:24:5-34:15
21        <intent>
21-->[androidx.media2:media2-session:1.2.1] AndroidManifest.xml:25:9-27:18
22            <action android:name="android.media.browse.MediaBrowserService" />
22-->[androidx.media2:media2-session:1.2.1] AndroidManifest.xml:26:13-79
22-->[androidx.media2:media2-session:1.2.1] AndroidManifest.xml:26:21-76
23        </intent>
24        <intent>
24-->[androidx.media2:media2-session:1.2.1] AndroidManifest.xml:28:9-30:18
25            <action android:name="androidx.media2.session.MediaSessionService" />
25-->[androidx.media2:media2-session:1.2.1] AndroidManifest.xml:29:13-82
25-->[androidx.media2:media2-session:1.2.1] AndroidManifest.xml:29:21-79
26        </intent>
27        <intent>
27-->[androidx.media2:media2-session:1.2.1] AndroidManifest.xml:31:9-33:18
28            <action android:name="androidx.media2.session.MediaLibraryService" />
28-->[androidx.media2:media2-session:1.2.1] AndroidManifest.xml:32:13-82
28-->[androidx.media2:media2-session:1.2.1] AndroidManifest.xml:32:21-79
29        </intent>
30    </queries>
31
32    <permission
32-->[androidx.core:core:1.9.0] AndroidManifest.xml:22:5-24:47
33        android:name="com.emindmirror.DYNAMIC_RECEIVER_NOT_EXPORTED_PERMISSION"
33-->[androidx.core:core:1.9.0] AndroidManifest.xml:23:9-81
34        android:protectionLevel="signature" />
34-->[androidx.core:core:1.9.0] AndroidManifest.xml:24:9-44
35
36    <uses-permission android:name="com.emindmirror.DYNAMIC_RECEIVER_NOT_EXPORTED_PERMISSION" />
36-->[androidx.core:core:1.9.0] AndroidManifest.xml:26:5-97
36-->[androidx.core:core:1.9.0] AndroidManifest.xml:26:22-94
37
38    <application
38-->src\main\AndroidManifest.xml:9:5-63:19
39        android:appComponentFactory="androidx.core.app.CoreComponentFactory"
39-->[androidx.core:core:1.9.0] AndroidManifest.xml:28:18-86
40        android:debuggable="true"
41        android:icon="@mipmap/ic_launcher"
41-->src\main\AndroidManifest.xml:12:9-43
42        android:label="E-Mind Mirror"
42-->src\main\AndroidManifest.xml:10:9-38
43        android:requestLegacyExternalStorage="true" >
43-->src\main\AndroidManifest.xml:13:9-52
44        <activity
44-->src\main\AndroidManifest.xml:15:9-53:20
45            android:name="com.emindmirror.MainActivity"
45-->src\main\AndroidManifest.xml:16:13-41
46            android:configChanges="orientation|keyboardHidden|keyboard|screenSize|smallestScreenSize|locale|layoutDirection|fontScale|screenLayout|density|uiMode"
46-->src\main\AndroidManifest.xml:20:13-163
47            android:exported="true"
47-->src\main\AndroidManifest.xml:17:13-36
48            android:hardwareAccelerated="true"
48-->src\main\AndroidManifest.xml:21:13-47
49            android:launchMode="singleTop"
49-->src\main\AndroidManifest.xml:18:13-43
50            android:theme="@style/LaunchTheme"
50-->src\main\AndroidManifest.xml:19:13-47
51            android:windowSoftInputMode="adjustResize" >
51-->src\main\AndroidManifest.xml:22:13-55
52
53            <!--
54                 Specifies an Android theme to apply to this Activity as soon as
55                 the Android process has started. This theme is visible to the user
56                 while the Flutter UI initializes. After that, this theme continues
57                 to determine the Window background behind the Flutter UI.
58            -->
59            <meta-data
59-->src\main\AndroidManifest.xml:27:13-30:17
60                android:name="io.flutter.embedding.android.NormalTheme"
60-->src\main\AndroidManifest.xml:28:15-70
61                android:resource="@style/NormalTheme" />
61-->src\main\AndroidManifest.xml:29:15-52
62            <!--
63                 Displays an Android View that continues showing the launch screen
64                 Drawable until Flutter paints its first frame, then this splash
65                 screen fades out. A splash screen is useful to avoid any visual
66                 gap between the end of Android's launch screen and the painting of
67                 Flutter's first frame.
68            -->
69            <meta-data
69-->src\main\AndroidManifest.xml:36:13-39:17
70                android:name="io.flutter.embedding.android.SplashScreenDrawable"
70-->src\main\AndroidManifest.xml:37:15-79
71                android:resource="@drawable/launch_background" />
71-->src\main\AndroidManifest.xml:38:15-61
72
73            <intent-filter>
73-->src\main\AndroidManifest.xml:40:13-43:29
74                <action android:name="android.intent.action.MAIN" />
74-->src\main\AndroidManifest.xml:41:17-68
74-->src\main\AndroidManifest.xml:41:25-66
75
76                <category android:name="android.intent.category.LAUNCHER" />
76-->src\main\AndroidManifest.xml:42:17-76
76-->src\main\AndroidManifest.xml:42:27-74
77            </intent-filter>
78            <!-- Deep linking -->
79            <meta-data
79-->src\main\AndroidManifest.xml:45:13-90
80                android:name="flutter_deeplinking_enabled"
80-->src\main\AndroidManifest.xml:45:24-66
81                android:value="true" />
81-->src\main\AndroidManifest.xml:45:67-87
82
83            <intent-filter android:autoVerify="true" >
83-->src\main\AndroidManifest.xml:46:13-51:29
83-->src\main\AndroidManifest.xml:46:28-53
84                <action android:name="android.intent.action.VIEW" />
84-->src\main\AndroidManifest.xml:47:17-69
84-->src\main\AndroidManifest.xml:47:25-66
85
86                <category android:name="android.intent.category.DEFAULT" />
86-->src\main\AndroidManifest.xml:48:17-76
86-->src\main\AndroidManifest.xml:48:27-73
87                <category android:name="android.intent.category.BROWSABLE" />
87-->src\main\AndroidManifest.xml:49:17-78
87-->src\main\AndroidManifest.xml:49:27-75
88
89                <data
89-->src\main\AndroidManifest.xml:50:17-85
90                    android:host="emindmirror.com"
90-->src\main\AndroidManifest.xml:50:52-82
91                    android:scheme="emindmirror" />
91-->src\main\AndroidManifest.xml:50:23-51
92            </intent-filter>
93        </activity>
94
95        <!--
96             Don't delete the meta-data below.
97             This is used by the Flutter tool to generate GeneratedPluginRegistrant.java
98        -->
99        <meta-data
99-->src\main\AndroidManifest.xml:57:9-59:33
100            android:name="flutterEmbedding"
100-->src\main\AndroidManifest.xml:58:13-44
101            android:value="2" />
101-->src\main\AndroidManifest.xml:59:13-30
102
103        <service
103-->[:cloud_firestore] AndroidManifest.xml:10:9-14:19
104            android:name="com.google.firebase.components.ComponentDiscoveryService"
104-->[:cloud_firestore] AndroidManifest.xml:10:18-89
105            android:directBootAware="true"
105-->[com.google.firebase:firebase-common:20.4.2] AndroidManifest.xml:32:13-43
106            android:exported="false" >
106-->[com.google.firebase:firebase-perf:20.5.1] AndroidManifest.xml:13:13-37
107            <meta-data
107-->[:cloud_firestore] AndroidManifest.xml:11:13-13:85
108                android:name="com.google.firebase.components:io.flutter.plugins.firebase.firestore.FlutterFirebaseFirestoreRegistrar"
108-->[:cloud_firestore] AndroidManifest.xml:12:17-134
109                android:value="com.google.firebase.components.ComponentRegistrar" />
109-->[:cloud_firestore] AndroidManifest.xml:13:17-82
110            <meta-data
110-->[:firebase_performance] AndroidManifest.xml:13:13-15:85
111                android:name="com.google.firebase.components:io.flutter.plugins.firebase.performance.FlutterFirebaseAppRegistrar"
111-->[:firebase_performance] AndroidManifest.xml:14:17-130
112                android:value="com.google.firebase.components.ComponentRegistrar" />
112-->[:firebase_performance] AndroidManifest.xml:15:17-82
113            <meta-data
113-->[:firebase_auth] AndroidManifest.xml:11:13-13:85
114                android:name="com.google.firebase.components:io.flutter.plugins.firebase.auth.FlutterFirebaseAuthRegistrar"
114-->[:firebase_auth] AndroidManifest.xml:12:17-124
115                android:value="com.google.firebase.components.ComponentRegistrar" />
115-->[:firebase_auth] AndroidManifest.xml:13:17-82
116            <meta-data
116-->[:firebase_core] AndroidManifest.xml:11:13-13:85
117                android:name="com.google.firebase.components:io.flutter.plugins.firebase.core.FlutterFirebaseCoreRegistrar"
117-->[:firebase_core] AndroidManifest.xml:12:17-124
118                android:value="com.google.firebase.components.ComponentRegistrar" />
118-->[:firebase_core] AndroidManifest.xml:13:17-82
119            <meta-data
119-->[com.google.firebase:firebase-perf:20.5.1] AndroidManifest.xml:14:13-16:85
120                android:name="com.google.firebase.components:com.google.firebase.perf.FirebasePerfKtxRegistrar"
120-->[com.google.firebase:firebase-perf:20.5.1] AndroidManifest.xml:15:17-112
121                android:value="com.google.firebase.components.ComponentRegistrar" />
121-->[com.google.firebase:firebase-perf:20.5.1] AndroidManifest.xml:16:17-82
122            <meta-data
122-->[com.google.firebase:firebase-perf:20.5.1] AndroidManifest.xml:17:13-19:85
123                android:name="com.google.firebase.components:com.google.firebase.perf.FirebasePerfRegistrar"
123-->[com.google.firebase:firebase-perf:20.5.1] AndroidManifest.xml:18:17-109
124                android:value="com.google.firebase.components.ComponentRegistrar" />
124-->[com.google.firebase:firebase-perf:20.5.1] AndroidManifest.xml:19:17-82
125            <meta-data
125-->[com.google.firebase:firebase-sessions:1.2.0] AndroidManifest.xml:29:13-31:85
126                android:name="com.google.firebase.components:com.google.firebase.sessions.FirebaseSessionsRegistrar"
126-->[com.google.firebase:firebase-sessions:1.2.0] AndroidManifest.xml:30:17-117
127                android:value="com.google.firebase.components.ComponentRegistrar" />
127-->[com.google.firebase:firebase-sessions:1.2.0] AndroidManifest.xml:31:17-82
128            <meta-data
128-->[com.google.firebase:firebase-auth:22.3.0] AndroidManifest.xml:69:13-71:85
129                android:name="com.google.firebase.components:com.google.firebase.auth.FirebaseAuthRegistrar"
129-->[com.google.firebase:firebase-auth:22.3.0] AndroidManifest.xml:70:17-109
130                android:value="com.google.firebase.components.ComponentRegistrar" />
130-->[com.google.firebase:firebase-auth:22.3.0] AndroidManifest.xml:71:17-82
131            <meta-data
131-->[com.google.firebase:firebase-firestore:24.9.1] AndroidManifest.xml:17:13-19:85
132                android:name="com.google.firebase.components:com.google.firebase.firestore.FirebaseFirestoreKtxRegistrar"
132-->[com.google.firebase:firebase-firestore:24.9.1] AndroidManifest.xml:18:17-122
133                android:value="com.google.firebase.components.ComponentRegistrar" />
133-->[com.google.firebase:firebase-firestore:24.9.1] AndroidManifest.xml:19:17-82
134            <meta-data
134-->[com.google.firebase:firebase-firestore:24.9.1] AndroidManifest.xml:20:13-22:85
135                android:name="com.google.firebase.components:com.google.firebase.firestore.FirestoreRegistrar"
135-->[com.google.firebase:firebase-firestore:24.9.1] AndroidManifest.xml:21:17-111
136                android:value="com.google.firebase.components.ComponentRegistrar" />
136-->[com.google.firebase:firebase-firestore:24.9.1] AndroidManifest.xml:22:17-82
137            <meta-data
137-->[com.google.firebase:firebase-config:21.6.0] AndroidManifest.xml:29:13-31:85
138                android:name="com.google.firebase.components:com.google.firebase.remoteconfig.FirebaseRemoteConfigKtxRegistrar"
138-->[com.google.firebase:firebase-config:21.6.0] AndroidManifest.xml:30:17-128
139                android:value="com.google.firebase.components.ComponentRegistrar" />
139-->[com.google.firebase:firebase-config:21.6.0] AndroidManifest.xml:31:17-82
140            <meta-data
140-->[com.google.firebase:firebase-config:21.6.0] AndroidManifest.xml:32:13-34:85
141                android:name="com.google.firebase.components:com.google.firebase.remoteconfig.RemoteConfigRegistrar"
141-->[com.google.firebase:firebase-config:21.6.0] AndroidManifest.xml:33:17-117
142                android:value="com.google.firebase.components.ComponentRegistrar" />
142-->[com.google.firebase:firebase-config:21.6.0] AndroidManifest.xml:34:17-82
143            <meta-data
143-->[com.google.firebase:firebase-installations:17.2.0] AndroidManifest.xml:15:13-17:85
144                android:name="com.google.firebase.components:com.google.firebase.installations.FirebaseInstallationsKtxRegistrar"
144-->[com.google.firebase:firebase-installations:17.2.0] AndroidManifest.xml:16:17-130
145                android:value="com.google.firebase.components.ComponentRegistrar" />
145-->[com.google.firebase:firebase-installations:17.2.0] AndroidManifest.xml:17:17-82
146            <meta-data
146-->[com.google.firebase:firebase-installations:17.2.0] AndroidManifest.xml:18:13-20:85
147                android:name="com.google.firebase.components:com.google.firebase.installations.FirebaseInstallationsRegistrar"
147-->[com.google.firebase:firebase-installations:17.2.0] AndroidManifest.xml:19:17-127
148                android:value="com.google.firebase.components.ComponentRegistrar" />
148-->[com.google.firebase:firebase-installations:17.2.0] AndroidManifest.xml:20:17-82
149            <meta-data
149-->[com.google.firebase:firebase-common-ktx:20.4.2] AndroidManifest.xml:12:13-14:85
150                android:name="com.google.firebase.components:com.google.firebase.ktx.FirebaseCommonLegacyRegistrar"
150-->[com.google.firebase:firebase-common-ktx:20.4.2] AndroidManifest.xml:13:17-116
151                android:value="com.google.firebase.components.ComponentRegistrar" />
151-->[com.google.firebase:firebase-common-ktx:20.4.2] AndroidManifest.xml:14:17-82
152            <meta-data
152-->[com.google.firebase:firebase-common:20.4.2] AndroidManifest.xml:35:13-37:85
153                android:name="com.google.firebase.components:com.google.firebase.FirebaseCommonKtxRegistrar"
153-->[com.google.firebase:firebase-common:20.4.2] AndroidManifest.xml:36:17-109
154                android:value="com.google.firebase.components.ComponentRegistrar" />
154-->[com.google.firebase:firebase-common:20.4.2] AndroidManifest.xml:37:17-82
155            <meta-data
155-->[com.google.firebase:firebase-abt:21.1.1] AndroidManifest.xml:12:13-14:85
156                android:name="com.google.firebase.components:com.google.firebase.abt.component.AbtRegistrar"
156-->[com.google.firebase:firebase-abt:21.1.1] AndroidManifest.xml:13:17-109
157                android:value="com.google.firebase.components.ComponentRegistrar" />
157-->[com.google.firebase:firebase-abt:21.1.1] AndroidManifest.xml:14:17-82
158            <meta-data
158-->[com.google.firebase:firebase-datatransport:18.1.8] AndroidManifest.xml:27:13-29:85
159                android:name="com.google.firebase.components:com.google.firebase.datatransport.TransportRegistrar"
159-->[com.google.firebase:firebase-datatransport:18.1.8] AndroidManifest.xml:28:17-115
160                android:value="com.google.firebase.components.ComponentRegistrar" />
160-->[com.google.firebase:firebase-datatransport:18.1.8] AndroidManifest.xml:29:17-82
161        </service>
162
163        <activity
163-->[:url_launcher_android] AndroidManifest.xml:10:9-13:74
164            android:name="io.flutter.plugins.urllauncher.WebViewActivity"
164-->[:url_launcher_android] AndroidManifest.xml:11:13-74
165            android:exported="false"
165-->[:url_launcher_android] AndroidManifest.xml:12:13-37
166            android:theme="@android:style/Theme.NoTitleBar.Fullscreen" />
166-->[:url_launcher_android] AndroidManifest.xml:13:13-71
167
168        <provider
168-->[:printing] AndroidManifest.xml:10:9-18:20
169            android:name="net.nfet.flutter.printing.PrintFileProvider"
169-->[:printing] AndroidManifest.xml:11:13-71
170            android:authorities="com.emindmirror.flutter.printing"
170-->[:printing] AndroidManifest.xml:12:13-68
171            android:exported="false"
171-->[:printing] AndroidManifest.xml:13:13-37
172            android:grantUriPermissions="true" >
172-->[:printing] AndroidManifest.xml:14:13-47
173            <meta-data
173-->[:printing] AndroidManifest.xml:15:13-17:71
174                android:name="android.support.FILE_PROVIDER_PATHS"
174-->[:printing] AndroidManifest.xml:16:17-67
175                android:resource="@xml/flutter_printing_file_paths" />
175-->[:printing] AndroidManifest.xml:17:17-68
176        </provider>
177
178        <service
178-->[com.google.firebase:firebase-sessions:1.2.0] AndroidManifest.xml:22:9-25:40
179            android:name="com.google.firebase.sessions.SessionLifecycleService"
179-->[com.google.firebase:firebase-sessions:1.2.0] AndroidManifest.xml:23:13-80
180            android:enabled="true"
180-->[com.google.firebase:firebase-sessions:1.2.0] AndroidManifest.xml:24:13-35
181            android:exported="false" />
181-->[com.google.firebase:firebase-sessions:1.2.0] AndroidManifest.xml:25:13-37
182
183        <activity
183-->[com.google.firebase:firebase-auth:22.3.0] AndroidManifest.xml:29:9-46:20
184            android:name="com.google.firebase.auth.internal.GenericIdpActivity"
184-->[com.google.firebase:firebase-auth:22.3.0] AndroidManifest.xml:30:13-80
185            android:excludeFromRecents="true"
185-->[com.google.firebase:firebase-auth:22.3.0] AndroidManifest.xml:31:13-46
186            android:exported="true"
186-->[com.google.firebase:firebase-auth:22.3.0] AndroidManifest.xml:32:13-36
187            android:launchMode="singleTask"
187-->[com.google.firebase:firebase-auth:22.3.0] AndroidManifest.xml:33:13-44
188            android:theme="@android:style/Theme.Translucent.NoTitleBar" >
188-->[com.google.firebase:firebase-auth:22.3.0] AndroidManifest.xml:34:13-72
189            <intent-filter>
189-->[com.google.firebase:firebase-auth:22.3.0] AndroidManifest.xml:35:13-45:29
190                <action android:name="android.intent.action.VIEW" />
190-->src\main\AndroidManifest.xml:47:17-69
190-->src\main\AndroidManifest.xml:47:25-66
191
192                <category android:name="android.intent.category.DEFAULT" />
192-->src\main\AndroidManifest.xml:48:17-76
192-->src\main\AndroidManifest.xml:48:27-73
193                <category android:name="android.intent.category.BROWSABLE" />
193-->src\main\AndroidManifest.xml:49:17-78
193-->src\main\AndroidManifest.xml:49:27-75
194
195                <data
195-->src\main\AndroidManifest.xml:50:17-85
196                    android:host="firebase.auth"
196-->src\main\AndroidManifest.xml:50:52-82
197                    android:path="/"
198                    android:scheme="genericidp" />
198-->src\main\AndroidManifest.xml:50:23-51
199            </intent-filter>
200        </activity>
201        <activity
201-->[com.google.firebase:firebase-auth:22.3.0] AndroidManifest.xml:47:9-64:20
202            android:name="com.google.firebase.auth.internal.RecaptchaActivity"
202-->[com.google.firebase:firebase-auth:22.3.0] AndroidManifest.xml:48:13-79
203            android:excludeFromRecents="true"
203-->[com.google.firebase:firebase-auth:22.3.0] AndroidManifest.xml:49:13-46
204            android:exported="true"
204-->[com.google.firebase:firebase-auth:22.3.0] AndroidManifest.xml:50:13-36
205            android:launchMode="singleTask"
205-->[com.google.firebase:firebase-auth:22.3.0] AndroidManifest.xml:51:13-44
206            android:theme="@android:style/Theme.Translucent.NoTitleBar" >
206-->[com.google.firebase:firebase-auth:22.3.0] AndroidManifest.xml:52:13-72
207            <intent-filter>
207-->[com.google.firebase:firebase-auth:22.3.0] AndroidManifest.xml:53:13-63:29
208                <action android:name="android.intent.action.VIEW" />
208-->src\main\AndroidManifest.xml:47:17-69
208-->src\main\AndroidManifest.xml:47:25-66
209
210                <category android:name="android.intent.category.DEFAULT" />
210-->src\main\AndroidManifest.xml:48:17-76
210-->src\main\AndroidManifest.xml:48:27-73
211                <category android:name="android.intent.category.BROWSABLE" />
211-->src\main\AndroidManifest.xml:49:17-78
211-->src\main\AndroidManifest.xml:49:27-75
212
213                <data
213-->src\main\AndroidManifest.xml:50:17-85
214                    android:host="firebase.auth"
214-->src\main\AndroidManifest.xml:50:52-82
215                    android:path="/"
216                    android:scheme="recaptcha" />
216-->src\main\AndroidManifest.xml:50:23-51
217            </intent-filter>
218        </activity>
219
220        <provider
220-->[com.google.firebase:firebase-common:20.4.2] AndroidManifest.xml:23:9-28:39
221            android:name="com.google.firebase.provider.FirebaseInitProvider"
221-->[com.google.firebase:firebase-common:20.4.2] AndroidManifest.xml:24:13-77
222            android:authorities="com.emindmirror.firebaseinitprovider"
222-->[com.google.firebase:firebase-common:20.4.2] AndroidManifest.xml:25:13-72
223            android:directBootAware="true"
223-->[com.google.firebase:firebase-common:20.4.2] AndroidManifest.xml:26:13-43
224            android:exported="false"
224-->[com.google.firebase:firebase-common:20.4.2] AndroidManifest.xml:27:13-37
225            android:initOrder="100" />
225-->[com.google.firebase:firebase-common:20.4.2] AndroidManifest.xml:28:13-36
226
227        <uses-library
227-->[androidx.window:window:1.0.0-beta04] AndroidManifest.xml:25:9-27:40
228            android:name="androidx.window.extensions"
228-->[androidx.window:window:1.0.0-beta04] AndroidManifest.xml:26:13-54
229            android:required="false" />
229-->[androidx.window:window:1.0.0-beta04] AndroidManifest.xml:27:13-37
230        <uses-library
230-->[androidx.window:window:1.0.0-beta04] AndroidManifest.xml:28:9-30:40
231            android:name="androidx.window.sidecar"
231-->[androidx.window:window:1.0.0-beta04] AndroidManifest.xml:29:13-51
232            android:required="false" />
232-->[androidx.window:window:1.0.0-beta04] AndroidManifest.xml:30:13-37
233
234        <activity
234-->[com.google.android.gms:play-services-auth:20.7.0] AndroidManifest.xml:23:9-27:75
235            android:name="com.google.android.gms.auth.api.signin.internal.SignInHubActivity"
235-->[com.google.android.gms:play-services-auth:20.7.0] AndroidManifest.xml:24:13-93
236            android:excludeFromRecents="true"
236-->[com.google.android.gms:play-services-auth:20.7.0] AndroidManifest.xml:25:13-46
237            android:exported="false"
237-->[com.google.android.gms:play-services-auth:20.7.0] AndroidManifest.xml:26:13-37
238            android:theme="@android:style/Theme.Translucent.NoTitleBar" />
238-->[com.google.android.gms:play-services-auth:20.7.0] AndroidManifest.xml:27:13-72
239        <!--
240            Service handling Google Sign-In user revocation. For apps that do not integrate with
241            Google Sign-In, this service will never be started.
242        -->
243        <service
243-->[com.google.android.gms:play-services-auth:20.7.0] AndroidManifest.xml:33:9-37:51
244            android:name="com.google.android.gms.auth.api.signin.RevocationBoundService"
244-->[com.google.android.gms:play-services-auth:20.7.0] AndroidManifest.xml:34:13-89
245            android:exported="true"
245-->[com.google.android.gms:play-services-auth:20.7.0] AndroidManifest.xml:35:13-36
246            android:permission="com.google.android.gms.auth.api.signin.permission.REVOCATION_NOTIFICATION"
246-->[com.google.android.gms:play-services-auth:20.7.0] AndroidManifest.xml:36:13-107
247            android:visibleToInstantApps="true" />
247-->[com.google.android.gms:play-services-auth:20.7.0] AndroidManifest.xml:37:13-48
248
249        <activity
249-->[com.google.android.gms:play-services-base:18.0.1] AndroidManifest.xml:20:9-22:45
250            android:name="com.google.android.gms.common.api.GoogleApiActivity"
250-->[com.google.android.gms:play-services-base:18.0.1] AndroidManifest.xml:20:19-85
251            android:exported="false"
251-->[com.google.android.gms:play-services-base:18.0.1] AndroidManifest.xml:22:19-43
252            android:theme="@android:style/Theme.Translucent.NoTitleBar" />
252-->[com.google.android.gms:play-services-base:18.0.1] AndroidManifest.xml:21:19-78
253
254        <meta-data
254-->[com.google.android.gms:play-services-basement:18.2.0] AndroidManifest.xml:21:9-23:69
255            android:name="com.google.android.gms.version"
255-->[com.google.android.gms:play-services-basement:18.2.0] AndroidManifest.xml:22:13-58
256            android:value="@integer/google_play_services_version" />
256-->[com.google.android.gms:play-services-basement:18.2.0] AndroidManifest.xml:23:13-66
257
258        <service
258-->[com.google.android.datatransport:transport-backend-cct:3.1.9] AndroidManifest.xml:28:9-34:19
259            android:name="com.google.android.datatransport.runtime.backends.TransportBackendDiscovery"
259-->[com.google.android.datatransport:transport-backend-cct:3.1.9] AndroidManifest.xml:29:13-103
260            android:exported="false" >
260-->[com.google.android.datatransport:transport-backend-cct:3.1.9] AndroidManifest.xml:30:13-37
261            <meta-data
261-->[com.google.android.datatransport:transport-backend-cct:3.1.9] AndroidManifest.xml:31:13-33:39
262                android:name="backend:com.google.android.datatransport.cct.CctBackendFactory"
262-->[com.google.android.datatransport:transport-backend-cct:3.1.9] AndroidManifest.xml:32:17-94
263                android:value="cct" />
263-->[com.google.android.datatransport:transport-backend-cct:3.1.9] AndroidManifest.xml:33:17-36
264        </service>
265
266        <provider
266-->[androidx.emoji2:emoji2:1.2.0] AndroidManifest.xml:24:9-32:20
267            android:name="androidx.startup.InitializationProvider"
267-->[androidx.emoji2:emoji2:1.2.0] AndroidManifest.xml:25:13-67
268            android:authorities="com.emindmirror.androidx-startup"
268-->[androidx.emoji2:emoji2:1.2.0] AndroidManifest.xml:26:13-68
269            android:exported="false" >
269-->[androidx.emoji2:emoji2:1.2.0] AndroidManifest.xml:27:13-37
270            <meta-data
270-->[androidx.emoji2:emoji2:1.2.0] AndroidManifest.xml:29:13-31:52
271                android:name="androidx.emoji2.text.EmojiCompatInitializer"
271-->[androidx.emoji2:emoji2:1.2.0] AndroidManifest.xml:30:17-75
272                android:value="androidx.startup" />
272-->[androidx.emoji2:emoji2:1.2.0] AndroidManifest.xml:31:17-49
273            <meta-data
273-->[androidx.lifecycle:lifecycle-process:2.4.1] AndroidManifest.xml:31:13-33:52
274                android:name="androidx.lifecycle.ProcessLifecycleInitializer"
274-->[androidx.lifecycle:lifecycle-process:2.4.1] AndroidManifest.xml:32:17-78
275                android:value="androidx.startup" />
275-->[androidx.lifecycle:lifecycle-process:2.4.1] AndroidManifest.xml:33:17-49
276        </provider>
277
278        <service
278-->[com.google.android.datatransport:transport-runtime:3.1.9] AndroidManifest.xml:26:9-30:19
279            android:name="com.google.android.datatransport.runtime.scheduling.jobscheduling.JobInfoSchedulerService"
279-->[com.google.android.datatransport:transport-runtime:3.1.9] AndroidManifest.xml:27:13-117
280            android:exported="false"
280-->[com.google.android.datatransport:transport-runtime:3.1.9] AndroidManifest.xml:28:13-37
281            android:permission="android.permission.BIND_JOB_SERVICE" >
281-->[com.google.android.datatransport:transport-runtime:3.1.9] AndroidManifest.xml:29:13-69
282        </service>
283
284        <receiver
284-->[com.google.android.datatransport:transport-runtime:3.1.9] AndroidManifest.xml:32:9-34:40
285            android:name="com.google.android.datatransport.runtime.scheduling.jobscheduling.AlarmManagerSchedulerBroadcastReceiver"
285-->[com.google.android.datatransport:transport-runtime:3.1.9] AndroidManifest.xml:33:13-132
286            android:exported="false" />
286-->[com.google.android.datatransport:transport-runtime:3.1.9] AndroidManifest.xml:34:13-37
287    </application>
288
289</manifest>